Build started 23.10.2014 22:00:49.
Project "c:\documents and settings\администратор\мои документы\visual studio 2010\Projects\Project1\Project1\Project1.vcxproj" on node 2 (build target(s)).
InitializeBuildStatus:
  Touching "Debug\Project1.unsuccessfulbuild".
ClCompile:
  C:\Program Files\Microsoft Visual Studio 10.0\VC\bin\CL.exe /c /ZI /nologo /W3 /WX- /Od /Oy- /D WIN32 /D _DEBUG /D _CONSOLE /D _UNICODE /D UNICODE /Gm /EHsc /RTC1 /MDd /GS /fp:precise /Zc:wchar_t /Zc:forScope /Fo"Debug\\" /Fd"Debug\vc100.pdb" /Gd /TP /analyze- /errorReport:prompt Project.cpp
  Project.cpp
c:\documents and settings\администратор\мои документы\visual studio 2010\projects\project1\project1\project.cpp(15): error C4430: missing type specifier - int assumed. Note: C++ does not support default-int
c:\documents and settings\администратор\мои документы\visual studio 2010\projects\project1\project1\project.cpp(15): error C2365: 'system' : redefinition; previous definition was 'function'
          c:\program files\microsoft visual studio 10.0\vc\include\stdlib.h(520) : see declaration of 'system'
c:\documents and settings\администратор\мои документы\visual studio 2010\projects\project1\project1\project.cpp(15): error C2440: 'initializing' : cannot convert from 'const char [6]' to 'int'
          There is no context in which this conversion is possible
Done Building Project "c:\documents and settings\администратор\мои документы\visual studio 2010\Projects\Project1\Project1\Project1.vcxproj" (build target(s)) -- FAILED.

Build FAILED.

Time Elapsed 00:00:01.70
